{"name": "test_slideshow_next_prev_click", "status": "broken", "statusDetails": {"message": "selenium.common.exceptions.TimeoutException: Message: Can't find element(s) by locator Selector(by='css selector', selector='.slideshow .swiper-button-prev') in 3 s\nStacktrace:\n#0 0x55f3ece4af33 <unknown>\n#1 0x55f3ecb95118 <unknown>\n#2 0x55f3ecbcb3f7 <unknown>\n#3 0x55f3ecbcb5c1 <unknown>\n#4 0x55f3ecbfe5c4 <unknown>\n#5 0x55f3ecbe8f9d <unknown>\n#6 0x55f3ecbfc2e4 <unknown>\n#7 0x55f3ecbe8e63 <unknown>\n#8 0x55f3ecbbe82a <unknown>\n#9 0x55f3ecbbf985 <unknown>\n#10 0x55f3ece8f4cd <unknown>\n#11 0x55f3ece935ec <unknown>\n#12 0x55f3ece7971e <unknown>\n#13 0x55f3ece94238 <unknown>\n#14 0x55f3ece6e870 <unknown>\n#15 0x55f3eceb0608 <unknown>\n#16 0x55f3eceb0788 <unknown>\n#17 0x55f3ececaf1d <unknown>\n#18 0x7f70c67f3609 <unknown>", "trace": "self = <test_main_page.TestMainPage object at 0x7f83ee742be0>\npage = <pom.store.main_page.MainPage object at 0x7f83ee5292b0>\n\n    @skip_if('headless')\n    def test_slideshow_next_prev_click(self, page: MainPage):\n        target = 'Samsung Galaxy Tab 10.1'\n        page.click_slideshow_next()\n>       page.click_slideshow_prev()\n\ntests/test_main_page.py:53: \n_ _ _ _ _ _ _ _ _ _ _ _ _ _ _ _ _ _ _ _ _ _ _ _ _ _ _ _ _ _ _ _ _ _ _ _ _ _ _ _ _ _ _ _ _ _ _ _ _ _ _ _ _ _ _ _ _ _ _ _ _\npom/store/main_page.py:32: in click_slideshow_prev\n    el = self.find_element(self.locator.LOCATOR_SLIDESHOW_PREV)\nframe/base_page.py:108: in find_element\n    return self.__wait(time).until(EC.presence_of_element_located(locator),\n_ _ _ _ _ _ _ _ _ _ _ _ _ _ _ _ _ _ _ _ _ _ _ _ _ _ _ _ _ _ _ _ _ _ _ _ _ _ _ _ _ _ _ _ _ _ _ _ _ _ _ _ _ _ _ _ _ _ _ _ _\n\nself = <selenium.webdriver.support.wait.WebDriverWait (session=\"0c2f649c11e96e96ba4450493009b02d\")>\nmethod = <function presence_of_element_located.<locals>._predicate at 0x7f83ee4e3700>\nmessage = \"Can't find element(s) by locator Selector(by='css selector', selector='.slideshow .swiper-button-prev') in 3 s\"\n\n    def until(self, method, message=''):\n        \"\"\"Calls the method provided with the driver as an argument until the \\\n        return value does not evaluate to ``False``.\n    \n        :param method: callable(WebDriver)\n        :param message: optional message for :exc:`TimeoutException`\n        :returns: the result of the last call to `method`\n        :raises: :exc:`selenium.common.exceptions.TimeoutException` if timeout occurs\n        \"\"\"\n        screen = None\n        stacktrace = None\n    \n        end_time = time.time() + self._timeout\n        while True:\n            try:\n                value = method(self._driver)\n                if value:\n                    return value\n            except InvalidSelectorException as e:\n                raise e\n            except self._ignored_exceptions as exc:\n                screen = getattr(exc, 'screen', None)\n                stacktrace = getattr(exc, 'stacktrace', None)\n            time.sleep(self._poll)\n            if time.time() > end_time:\n                break\n>       raise TimeoutException(message, screen, stacktrace)\nE       selenium.common.exceptions.TimeoutException: Message: Can't find element(s) by locator Selector(by='css selector', selector='.slideshow .swiper-button-prev') in 3 s\nE       Stacktrace:\nE       #0 0x55f3ece4af33 <unknown>\nE       #1 0x55f3ecb95118 <unknown>\nE       #2 0x55f3ecbcb3f7 <unknown>\nE       #3 0x55f3ecbcb5c1 <unknown>\nE       #4 0x55f3ecbfe5c4 <unknown>\nE       #5 0x55f3ecbe8f9d <unknown>\nE       #6 0x55f3ecbfc2e4 <unknown>\nE       #7 0x55f3ecbe8e63 <unknown>\nE       #8 0x55f3ecbbe82a <unknown>\nE       #9 0x55f3ecbbf985 <unknown>\nE       #10 0x55f3ece8f4cd <unknown>\nE       #11 0x55f3ece935ec <unknown>\nE       #12 0x55f3ece7971e <unknown>\nE       #13 0x55f3ece94238 <unknown>\nE       #14 0x55f3ece6e870 <unknown>\nE       #15 0x55f3eceb0608 <unknown>\nE       #16 0x55f3eceb0788 <unknown>\nE       #17 0x55f3ececaf1d <unknown>\nE       #18 0x7f70c67f3609 <unknown>\n\n.venv/lib/python3.9/site-packages/selenium/webdriver/support/wait.py:89: TimeoutException"}, "start": 1653844182447, "stop": 1653844186992, "uuid": "937c9326-886d-4e3a-b9a9-e98bd7fe671f", "historyId": "989e689388563b91e8d886f5a23d0d56", "testCaseId": "a53995900db816f22113f2630ee49a1b", "fullName": "tests.test_main_page.TestMainPage#test_slideshow_next_prev_click", "labels": [{"name": "tag", "value": "@pytest.mark.skipif(False, reason='Incompatible with headless')"}, {"name": "parentSuite", "value": "tests"}, {"name": "suite", "value": "test_main_page"}, {"name": "subSuite", "value": "TestMainPage"}, {"name": "host", "value": "ubuntu"}, {"name": "thread", "value": "47551-MainThread"}, {"name": "framework", "value": "pytest"}, {"name": "language", "value": "cpython3"}, {"name": "package", "value": "tests.test_main_page"}]}