{
  "uid" : "23110231024759cd",
  "name" : "test_navbar_with_subcats[item2-Desktops]",
  "fullName" : "tests.test_catalog_page.TestCatalogPage#test_navbar_with_subcats",
  "historyId" : "445268399a1fe6012806e284e52af00b",
  "time" : {
    "start" : 1653844086733,
    "stop" : 1653844090325,
    "duration" : 3592
  },
  "status" : "broken",
  "statusMessage" : "selenium.common.exceptions.TimeoutException: Message: \nStacktrace:\n#0 0x55f3ece4af33 <unknown>\n#1 0x55f3ecb95118 <unknown>\n#2 0x55f3ecbcb3f7 <unknown>\n#3 0x55f3ecbcb5c1 <unknown>\n#4 0x55f3ecbfe5c4 <unknown>\n#5 0x55f3ecbe8f9d <unknown>\n#6 0x55f3ecbfc2e4 <unknown>\n#7 0x55f3ecbe8e63 <unknown>\n#8 0x55f3ecbbe82a <unknown>\n#9 0x55f3ecbbf985 <unknown>\n#10 0x55f3ece8f4cd <unknown>\n#11 0x55f3ece935ec <unknown>\n#12 0x55f3ece7971e <unknown>\n#13 0x55f3ece94238 <unknown>\n#14 0x55f3ece6e870 <unknown>\n#15 0x55f3eceb0608 <unknown>\n#16 0x55f3eceb0788 <unknown>\n#17 0x55f3ececaf1d <unknown>\n#18 0x7f70c67f3609 <unknown>",
  "statusTrace" : "self = <test_catalog_page.TestCatalogPage object at 0x7f83ee77f820>, item = ('link text', 'Show All Desktops')\ntitle = 'Desktops', page = <pom.store.catalog_page.CatalogPage object at 0x7f83ee56a9d0>\n\n    @pytest.mark.parametrize('item, title', ((navbar.desktops.pc, 'PC'),\n                                             (navbar.desktops.mac, 'Mac'),\n                                             (navbar.desktops.all, 'Desktops')))\n    def test_navbar_with_subcats(self, item, title, page: CatalogPage):\n        page.hover(navbar.desktops)\n>       page.click(item)\n\ntests/test_catalog_page.py:34: \n_ _ _ _ _ _ _ _ _ _ _ _ _ _ _ _ _ _ _ _ _ _ _ _ _ _ _ _ _ _ _ _ _ _ _ _ _ _ _ _ _ _ _ _ _ _ _ _ _ _ _ _ _ _ _ _ _ _ _ _ _\nframe/base_page.py:93: in click\n    self.__wait(time).until(EC.element_to_be_clickable(locator)).click()\n_ _ _ _ _ _ _ _ _ _ _ _ _ _ _ _ _ _ _ _ _ _ _ _ _ _ _ _ _ _ _ _ _ _ _ _ _ _ _ _ _ _ _ _ _ _ _ _ _ _ _ _ _ _ _ _ _ _ _ _ _\n\nself = <selenium.webdriver.support.wait.WebDriverWait (session=\"0c2f649c11e96e96ba4450493009b02d\")>\nmethod = <function element_to_be_clickable.<locals>._predicate at 0x7f83ee560c10>, message = ''\n\n    def until(self, method, message=''):\n        \"\"\"Calls the method provided with the driver as an argument until the \\\n        return value does not evaluate to ``False``.\n    \n        :param method: callable(WebDriver)\n        :param message: optional message for :exc:`TimeoutException`\n        :returns: the result of the last call to `method`\n        :raises: :exc:`selenium.common.exceptions.TimeoutException` if timeout occurs\n        \"\"\"\n        screen = None\n        stacktrace = None\n    \n        end_time = time.time() + self._timeout\n        while True:\n            try:\n                value = method(self._driver)\n                if value:\n                    return value\n            except InvalidSelectorException as e:\n                raise e\n            except self._ignored_exceptions as exc:\n                screen = getattr(exc, 'screen', None)\n                stacktrace = getattr(exc, 'stacktrace', None)\n            time.sleep(self._poll)\n            if time.time() > end_time:\n                break\n>       raise TimeoutException(message, screen, stacktrace)\nE       selenium.common.exceptions.TimeoutException: Message: \nE       Stacktrace:\nE       #0 0x55f3ece4af33 <unknown>\nE       #1 0x55f3ecb95118 <unknown>\nE       #2 0x55f3ecbcb3f7 <unknown>\nE       #3 0x55f3ecbcb5c1 <unknown>\nE       #4 0x55f3ecbfe5c4 <unknown>\nE       #5 0x55f3ecbe8f9d <unknown>\nE       #6 0x55f3ecbfc2e4 <unknown>\nE       #7 0x55f3ecbe8e63 <unknown>\nE       #8 0x55f3ecbbe82a <unknown>\nE       #9 0x55f3ecbbf985 <unknown>\nE       #10 0x55f3ece8f4cd <unknown>\nE       #11 0x55f3ece935ec <unknown>\nE       #12 0x55f3ece7971e <unknown>\nE       #13 0x55f3ece94238 <unknown>\nE       #14 0x55f3ece6e870 <unknown>\nE       #15 0x55f3eceb0608 <unknown>\nE       #16 0x55f3eceb0788 <unknown>\nE       #17 0x55f3ececaf1d <unknown>\nE       #18 0x7f70c67f3609 <unknown>\n\n.venv/lib/python3.9/site-packages/selenium/webdriver/support/wait.py:89: TimeoutException",
  "flaky" : false,
  "newFailed" : false,
  "beforeStages" : [ {
    "name" : "driver",
    "time" : {
      "start" : 1653844044491,
      "stop" : 1653844054804,
      "duration" : 10313
    },
    "status" : "passed",
    "steps" : [ ],
    "attachments" : [ ],
    "parameters" : [ ],
    "stepsCount" : 0,
    "attachmentsCount" : 0,
    "shouldDisplayMessage" : false,
    "hasContent" : false
  }, {
    "name" : "base_url",
    "time" : {
      "start" : 1653844044491,
      "stop" : 1653844044491,
      "duration" : 0
    },
    "status" : "passed",
    "steps" : [ ],
    "attachments" : [ ],
    "parameters" : [ ],
    "stepsCount" : 0,
    "attachmentsCount" : 0,
    "shouldDisplayMessage" : false,
    "hasContent" : false
  }, {
    "name" : "_session_faker",
    "time" : {
      "start" : 1653844044459,
      "stop" : 1653844044491,
      "duration" : 32
    },
    "status" : "passed",
    "steps" : [ ],
    "attachments" : [ ],
    "parameters" : [ ],
    "stepsCount" : 0,
    "attachmentsCount" : 0,
    "shouldDisplayMessage" : false,
    "hasContent" : false
  }, {
    "name" : "page",
    "time" : {
      "start" : 1653844082863,
      "stop" : 1653844083590,
      "duration" : 727
    },
    "status" : "passed",
    "steps" : [ ],
    "attachments" : [ ],
    "parameters" : [ ],
    "stepsCount" : 0,
    "attachmentsCount" : 0,
    "shouldDisplayMessage" : false,
    "hasContent" : false
  }, {
    "name" : "back_to_base",
    "time" : {
      "start" : 1653844086728,
      "stop" : 1653844086729,
      "duration" : 1
    },
    "status" : "passed",
    "steps" : [ ],
    "attachments" : [ ],
    "parameters" : [ ],
    "stepsCount" : 0,
    "attachmentsCount" : 0,
    "shouldDisplayMessage" : false,
    "hasContent" : false
  } ],
  "afterStages" : [ {
    "name" : "driver::0",
    "time" : {
      "start" : 1653844245433,
      "stop" : 1653844245598,
      "duration" : 165
    },
    "status" : "passed",
    "steps" : [ ],
    "attachments" : [ ],
    "parameters" : [ ],
    "stepsCount" : 0,
    "attachmentsCount" : 0,
    "shouldDisplayMessage" : false,
    "hasContent" : false
  }, {
    "name" : "back_to_base::0",
    "time" : {
      "start" : 1653844090371,
      "stop" : 1653844090692,
      "duration" : 321
    },
    "status" : "passed",
    "steps" : [ ],
    "attachments" : [ ],
    "parameters" : [ ],
    "stepsCount" : 0,
    "attachmentsCount" : 0,
    "shouldDisplayMessage" : false,
    "hasContent" : false
  } ],
  "labels" : [ {
    "name" : "parentSuite",
    "value" : "tests"
  }, {
    "name" : "suite",
    "value" : "test_catalog_page"
  }, {
    "name" : "subSuite",
    "value" : "TestCatalogPage"
  }, {
    "name" : "host",
    "value" : "ubuntu"
  }, {
    "name" : "thread",
    "value" : "47551-MainThread"
  }, {
    "name" : "framework",
    "value" : "pytest"
  }, {
    "name" : "language",
    "value" : "cpython3"
  }, {
    "name" : "package",
    "value" : "tests.test_catalog_page"
  }, {
    "name" : "resultFormat",
    "value" : "allure2"
  } ],
  "parameters" : [ {
    "name" : "item",
    "value" : "('link text', 'Show All Desktops')"
  }, {
    "name" : "title",
    "value" : "'Desktops'"
  } ],
  "links" : [ ],
  "hidden" : false,
  "retry" : false,
  "extra" : {
    "severity" : "normal",
    "retries" : [ ],
    "categories" : [ {
      "name" : "Test defects",
      "matchedStatuses" : [ ],
      "flaky" : false
    } ],
    "tags" : [ ]
  },
  "source" : "23110231024759cd.json",
  "parameterValues" : [ "('link text', 'Show All Desktops')", "'Desktops'" ]
}